<?xml version="1.0" encoding="UTF-8"?>
<!-- Generated by org.testng.reporters.JUnitReportReporter -->
<testsuite hostname="n-macbook" failures="0" tests="2" name="com.myecomm.testcases.LoginPageTest" time="3.852" errors="0" timestamp="2022-05-01T19:20:54 EET" skipped="0">
  <testcase classname="com.myecomm.testcases.LoginPageTest" name="navigateToLoginPage" time="2.051"/>
  <system-out/>
  <testcase classname="com.myecomm.testcases.LoginPageTest" name="enterCredentialsAndLogin" time="1.801"/>
  <system-out/>
</testsuite> <!-- com.myecomm.testcases.LoginPageTest -->
