<?xml version="1.0" encoding="UTF-8"?>
<!-- Generated by org.testng.reporters.JUnitReportReporter -->
<testsuite hostname="n-macbook" failures="0" tests="3" name="com.myecomm.testcases.AddToCartTest" time="11.270" errors="0" timestamp="2022-05-01T19:20:54 EET" skipped="0">
  <testcase classname="com.myecomm.testcases.AddToCartTest" name="searchProduct" time="3.836"/>
  <system-out/>
  <testcase classname="com.myecomm.testcases.AddToCartTest" name="addProductToCart" time="3.944"/>
  <system-out/>
  <testcase classname="com.myecomm.testcases.AddToCartTest" name="isProductAddedToCart" time="3.490"/>
  <system-out/>
</testsuite> <!-- com.myecomm.testcases.AddToCartTest -->
