<?xml version="1.0" encoding="UTF-8"?>
<!-- Generated by org.testng.reporters.JUnitReportReporter -->
<testsuite hostname="n-macbook" failures="0" tests="3" name="com.myecomm.testcases.AddToCartTest" time="10.082" errors="0" timestamp="2022-05-01T19:02:47 EET" skipped="0">
  <testcase classname="com.myecomm.testcases.AddToCartTest" name="searchProduct" time="3.986"/>
  <system-out/>
  <testcase classname="com.myecomm.testcases.AddToCartTest" name="addProductToCart" time="3.560"/>
  <system-out/>
  <testcase classname="com.myecomm.testcases.AddToCartTest" name="isProductAddedToCart" time="2.536"/>
  <system-out/>
</testsuite> <!-- com.myecomm.testcases.AddToCartTest -->
